[debug] [2023-03-31T14:53:04.871Z] ----------------------------------------------------------------------
[debug] [2023-03-31T14:53:04.876Z] Command:       C:\Program Files\nodejs\node.exe C:\Users\Dell\AppData\Roaming\npm\node_modules\firebase-tools\lib\bin\firebase.js deploy
[debug] [2023-03-31T14:53:04.878Z] CLI Version:   11.25.2
[debug] [2023-03-31T14:53:04.879Z] Platform:      win32
[debug] [2023-03-31T14:53:04.879Z] Node Version:  v18.12.1
[debug] [2023-03-31T14:53:04.882Z] Time:          Fri Mar 31 2023 20:23:04 GMT+0530 (India Standard Time)
[debug] [2023-03-31T14:53:04.882Z] ----------------------------------------------------------------------
[debug] 
[debug] [2023-03-31T14:53:05.184Z] > command requires scopes: ["email","openid","https://www.googleapis.com/auth/cloudplatformprojects.readonly","https://www.googleapis.com/auth/firebase","https://www.googleapis.com/auth/cloud-platform"]
[debug] [2023-03-31T14:53:05.185Z] > authorizing via signed-in user (shashibalu8@gmail.com)
[debug] [2023-03-31T14:53:05.186Z] [iam] checking project iris-photography for permissions ["firebase.projects.get","firebasehosting.sites.update"]
[debug] [2023-03-31T14:53:05.192Z] >>> [apiv2][query] POST https://cloudresourcemanager.googleapis.com/v1/projects/iris-photography:testIamPermissions [none]
[debug] [2023-03-31T14:53:05.193Z] >>> [apiv2][(partial)header] POST https://cloudresourcemanager.googleapis.com/v1/projects/iris-photography:testIamPermissions x-goog-quota-user=projects/iris-photography
[debug] [2023-03-31T14:53:05.194Z] >>> [apiv2][body] POST https://cloudresourcemanager.googleapis.com/v1/projects/iris-photography:testIamPermissions {"permissions":["firebase.projects.get","firebasehosting.sites.update"]}
[debug] [2023-03-31T14:53:19.857Z] <<< [apiv2][status] POST https://cloudresourcemanager.googleapis.com/v1/projects/iris-photography:testIamPermissions 200
[debug] [2023-03-31T14:53:19.859Z] <<< [apiv2][body] POST https://cloudresourcemanager.googleapis.com/v1/projects/iris-photography:testIamPermissions {"permissions":["firebase.projects.get","firebasehosting.sites.update"]}
[debug] [2023-03-31T14:53:19.868Z] >>> [apiv2][query] GET https://firebase.googleapis.com/v1beta1/projects/iris-photography [none]
[debug] [2023-03-31T14:53:31.119Z] Failed to make request to https://firebase.googleapis.com/v1beta1/projects/iris-photography
[debug] [2023-03-31T14:53:31.127Z] FirebaseError: Failed to make request to https://firebase.googleapis.com/v1beta1/projects/iris-photography
    at RetryOperation._fn (C:\Users\Dell\AppData\Roaming\npm\node_modules\firebase-tools\lib\apiv2.js:242:31)
    at process.processTicksAndRejections (node:internal/process/task_queues:95:5)
[error] 
[error] Error: Failed to get Firebase project iris-photography. Please make sure the project exists and your account has permission to access it.
